<?xml version="1.0" encoding="UTF-8"?>
<testng-results ignored="0" total="6" passed="5" failed="1" skipped="0">
  <reporter-output>
  </reporter-output>
  <suite started-at="2023-02-12T18:41:00Z" name="Surefire suite" finished-at="2023-02-12T18:43:08Z" duration-ms="127190">
    <groups>
    </groups>
    <test started-at="2023-02-12T18:41:00Z" name="Surefire test" finished-at="2023-02-12T18:43:08Z" duration-ms="127190">
      <class name="com.bank.qa.tests.HomePageTest">
        <test-method is-config="true" signature="setUp()[pri:0, instance:com.bank.qa.tests.HomePageTest@646007f4]" started-at="2023-02-12T13:42:44Z" name="setUp" finished-at="2023-02-12T13:42:56Z" duration-ms="11576" status="PASS">
          <reporter-output>
          </reporter-output>
        </test-method> <!-- setUp -->
        <test-method signature="clickOnNewContactPlusBtnTest()[pri:4, instance:com.bank.qa.tests.HomePageTest@646007f4]" started-at="2023-02-12T13:42:56Z" name="clickOnNewContactPlusBtnTest" finished-at="2023-02-12T13:43:06Z" duration-ms="10411" status="FAIL">
          <exception class="org.openqa.selenium.NoSuchElementException">
            <message>
              <![CDATA[Unable to locate element: Create
For documentation on this error, please visit: http://seleniumhq.org/exceptions/no_such_element.html
Build info: version: '3.14.0', revision: 'aacccce0', time: '2018-08-02T20:19:58.91Z'
System info: host: 'LAPTOP-OL7R0RQ3', ip: '10.0.0.251', os.name: 'Windows 10', os.arch: 'amd64', os.version: '10.0', java.version: '14.0.2'
Driver info: org.openqa.selenium.firefox.FirefoxDriver
Capabilities {acceptInsecureCerts: true, browserName: firefox, browserVersion: 109.0.1, javascriptEnabled: true, moz:accessibilityChecks: false, moz:buildID: 20230127170202, moz:geckodriverVersion: 0.32.0, moz:headless: false, moz:platformVersion: 10.0, moz:processID: 16608, moz:profile: C:\Users\USER\AppData\Local..., moz:shutdownTimeout: 60000, moz:useNonSpecCompliantPointerOrigin: false, moz:webdriverClick: true, moz:windowless: false, pageLoadStrategy: normal, platform: WINDOWS, platformName: WINDOWS, proxy: Proxy(), setWindowRect: true, strictFileInteractability: false, timeouts: {implicit: 0, pageLoad: 300000, script: 30000}, unhandledPromptBehavior: dismiss and notify}
Session ID: 13629e08-2710-4a7f-a8d7-83c80c74296a
*** Element info: {Using=link text, value=Create}]]>
            </message>
            <full-stacktrace>
              <![CDATA[org.openqa.selenium.NoSuchElementException: Unable to locate element: Create
For documentation on this error, please visit: http://seleniumhq.org/exceptions/no_such_element.html
Build info: version: '3.14.0', revision: 'aacccce0', time: '2018-08-02T20:19:58.91Z'
System info: host: 'LAPTOP-OL7R0RQ3', ip: '10.0.0.251', os.name: 'Windows 10', os.arch: 'amd64', os.version: '10.0', java.version: '14.0.2'
Driver info: org.openqa.selenium.firefox.FirefoxDriver
Capabilities {acceptInsecureCerts: true, browserName: firefox, browserVersion: 109.0.1, javascriptEnabled: true, moz:accessibilityChecks: false, moz:buildID: 20230127170202, moz:geckodriverVersion: 0.32.0, moz:headless: false, moz:platformVersion: 10.0, moz:processID: 16608, moz:profile: C:\Users\USER\AppData\Local..., moz:shutdownTimeout: 60000, moz:useNonSpecCompliantPointerOrigin: false, moz:webdriverClick: true, moz:windowless: false, pageLoadStrategy: normal, platform: WINDOWS, platformName: WINDOWS, proxy: Proxy(), setWindowRect: true, strictFileInteractability: false, timeouts: {implicit: 0, pageLoad: 300000, script: 30000}, unhandledPromptBehavior: dismiss and notify}
Session ID: 13629e08-2710-4a7f-a8d7-83c80c74296a
*** Element info: {Using=link text, value=Create}
	at java.base/jdk.internal.reflect.NativeConstructorAccessorImpl.newInstance0(Native Method)
	at java.base/jdk.internal.reflect.NativeConstructorAccessorImpl.newInstance(NativeConstructorAccessorImpl.java:62)
	at java.base/jdk.internal.reflect.DelegatingConstructorAccessorImpl.newInstance(DelegatingConstructorAccessorImpl.java:45)
	at java.base/java.lang.reflect.Constructor.newInstanceWithCaller(Constructor.java:500)
	at java.base/java.lang.reflect.Constructor.newInstance(Constructor.java:481)
	at org.openqa.selenium.remote.http.W3CHttpResponseCodec.createException(W3CHttpResponseCodec.java:187)
	at org.openqa.selenium.remote.http.W3CHttpResponseCodec.decode(W3CHttpResponseCodec.java:122)
	at org.openqa.selenium.remote.http.W3CHttpResponseCodec.decode(W3CHttpResponseCodec.java:49)
	at org.openqa.selenium.remote.HttpCommandExecutor.execute(HttpCommandExecutor.java:158)
	at org.openqa.selenium.remote.service.DriverCommandExecutor.execute(DriverCommandExecutor.java:83)
	at org.openqa.selenium.remote.RemoteWebDriver.execute(RemoteWebDriver.java:548)
	at org.openqa.selenium.remote.RemoteWebDriver.findElement(RemoteWebDriver.java:322)
	at org.openqa.selenium.remote.RemoteWebDriver.findElementByLinkText(RemoteWebDriver.java:376)
	at org.openqa.selenium.By$ByLinkText.findElement(By.java:220)
	at org.openqa.selenium.remote.RemoteWebDriver.findElement(RemoteWebDriver.java:314)
	at jdk.internal.reflect.GeneratedMethodAccessor4.invoke(Unknown Source)
	at java.base/jdk.internal.reflect.DelegatingMethodAccessorImpl.invoke(DelegatingMethodAccessorImpl.java:43)
	at java.base/java.lang.reflect.Method.invoke(Method.java:564)
	at org.openqa.selenium.support.events.EventFiringWebDriver.lambda$new$1(EventFiringWebDriver.java:105)
	at com.sun.proxy.$Proxy8.findElement(Unknown Source)
	at org.openqa.selenium.support.events.EventFiringWebDriver.findElement(EventFiringWebDriver.java:194)
	at org.openqa.selenium.support.pagefactory.DefaultElementLocator.findElement(DefaultElementLocator.java:69)
	at org.openqa.selenium.support.pagefactory.internal.LocatingElementHandler.invoke(LocatingElementHandler.java:38)
	at com.sun.proxy.$Proxy12.click(Unknown Source)
	at com.bank.qa.pages.ContactsPage.clickOnCreateNewContactBtn(ContactsPage.java:45)
	at com.bank.qa.tests.HomePageTest.clickOnNewContactPlusBtnTest(HomePageTest.java:53)
	at java.base/jdk.internal.reflect.NativeMethodAccessorImpl.invoke0(Native Method)
	at java.base/jdk.internal.reflect.NativeMethodAccessorImpl.invoke(NativeMethodAccessorImpl.java:62)
	at java.base/jdk.internal.reflect.DelegatingMethodAccessorImpl.invoke(DelegatingMethodAccessorImpl.java:43)
	at java.base/java.lang.reflect.Method.invoke(Method.java:564)
	at org.testng.internal.MethodInvocationHelper.invokeMethod(MethodInvocationHelper.java:108)
	at org.testng.internal.Invoker.invokeMethod(Invoker.java:661)
	at org.testng.internal.Invoker.invokeTestMethod(Invoker.java:869)
	at org.testng.internal.Invoker.invokeTestMethods(Invoker.java:1193)
	at org.testng.internal.TestMethodWorker.invokeTestMethods(TestMethodWorker.java:126)
	at org.testng.internal.TestMethodWorker.run(TestMethodWorker.java:109)
	at org.testng.TestRunner.privateRun(TestRunner.java:744)
	at org.testng.TestRunner.run(TestRunner.java:602)
	at org.testng.SuiteRunner.runTest(SuiteRunner.java:380)
	at org.testng.SuiteRunner.runSequentially(SuiteRunner.java:375)
	at org.testng.SuiteRunner.privateRun(SuiteRunner.java:340)
	at org.testng.SuiteRunner.run(SuiteRunner.java:289)
	at org.testng.SuiteRunnerWorker.runSuite(SuiteRunnerWorker.java:52)
	at org.testng.SuiteRunnerWorker.run(SuiteRunnerWorker.java:86)
	at org.testng.TestNG.runSuitesSequentially(TestNG.java:1301)
	at org.testng.TestNG.runSuitesLocally(TestNG.java:1226)
	at org.testng.TestNG.runSuites(TestNG.java:1144)
	at org.testng.TestNG.run(TestNG.java:1115)
	at org.apache.maven.surefire.testng.TestNGExecutor.run(TestNGExecutor.java:135)
	at org.apache.maven.surefire.testng.TestNGDirectoryTestSuite.executeMulti(TestNGDirectoryTestSuite.java:193)
	at org.apache.maven.surefire.testng.TestNGDirectoryTestSuite.execute(TestNGDirectoryTestSuite.java:94)
	at org.apache.maven.surefire.testng.TestNGProvider.invoke(TestNGProvider.java:146)
	at org.apache.maven.surefire.booter.ForkedBooter.invokeProviderInSameClassLoader(ForkedBooter.java:384)
	at org.apache.maven.surefire.booter.ForkedBooter.runSuitesInProcess(ForkedBooter.java:345)
	at org.apache.maven.surefire.booter.ForkedBooter.execute(ForkedBooter.java:126)
	at org.apache.maven.surefire.booter.ForkedBooter.main(ForkedBooter.java:418)
]]>
            </full-stacktrace>
          </exception> <!-- org.openqa.selenium.NoSuchElementException -->
          <reporter-output>
          </reporter-output>
        </test-method> <!-- clickOnNewContactPlusBtnTest -->
        <test-method is-config="true" signature="tearDown()[pri:0, instance:com.bank.qa.tests.HomePageTest@646007f4]" started-at="2023-02-12T13:43:06Z" name="tearDown" finished-at="2023-02-12T13:43:08Z" duration-ms="1510" status="PASS">
          <reporter-output>
          </reporter-output>
        </test-method> <!-- tearDown -->
      </class> <!-- com.bank.qa.tests.HomePageTest -->
      <class name="com.bank.qa.tests.ContactsPageTest">
        <test-method is-config="true" signature="setUp()[pri:0, instance:com.bank.qa.tests.ContactsPageTest@710726a3]" started-at="2023-02-12T13:41:28Z" name="setUp" finished-at="2023-02-12T13:41:40Z" duration-ms="11781" status="PASS">
          <reporter-output>
          </reporter-output>
        </test-method> <!-- setUp -->
        <test-method signature="createNewContactTest(java.lang.String, java.lang.String)[pri:3, instance:com.bank.qa.tests.ContactsPageTest@710726a3]" started-at="2023-02-12T13:41:40Z" name="createNewContactTest" data-provider="getCrmTestData" finished-at="2023-02-12T13:41:50Z" duration-ms="10031" status="PASS">
          <params>
            <param index="0">
              <value>
                <![CDATA[Krishna]]>
              </value>
            </param>
            <param index="1">
              <value>
                <![CDATA[Vasudev]]>
              </value>
            </param>
          </params>
          <reporter-output>
          </reporter-output>
        </test-method> <!-- createNewContactTest -->
        <test-method is-config="true" signature="afterMethod()[pri:0, instance:com.bank.qa.tests.ContactsPageTest@710726a3]" started-at="2023-02-12T13:41:50Z" name="afterMethod" finished-at="2023-02-12T13:41:52Z" duration-ms="1722" status="PASS">
          <reporter-output>
          </reporter-output>
        </test-method> <!-- afterMethod -->
        <test-method is-config="true" signature="setUp()[pri:0, instance:com.bank.qa.tests.ContactsPageTest@710726a3]" started-at="2023-02-12T13:41:52Z" name="setUp" finished-at="2023-02-12T13:42:03Z" duration-ms="11530" status="PASS">
          <reporter-output>
          </reporter-output>
        </test-method> <!-- setUp -->
        <test-method signature="createNewContactTest(java.lang.String, java.lang.String)[pri:3, instance:com.bank.qa.tests.ContactsPageTest@710726a3]" started-at="2023-02-12T13:42:03Z" name="createNewContactTest" data-provider="getCrmTestData" finished-at="2023-02-12T13:42:14Z" duration-ms="10711" status="PASS">
          <params>
            <param index="0">
              <value>
                <![CDATA[RamChandra]]>
              </value>
            </param>
            <param index="1">
              <value>
                <![CDATA[Raghuvanshi]]>
              </value>
            </param>
          </params>
          <reporter-output>
          </reporter-output>
        </test-method> <!-- createNewContactTest -->
        <test-method is-config="true" signature="afterMethod()[pri:0, instance:com.bank.qa.tests.ContactsPageTest@710726a3]" started-at="2023-02-12T13:42:14Z" name="afterMethod" finished-at="2023-02-12T13:42:17Z" duration-ms="2559" status="PASS">
          <reporter-output>
          </reporter-output>
        </test-method> <!-- afterMethod -->
        <test-method is-config="true" signature="setUp()[pri:0, instance:com.bank.qa.tests.ContactsPageTest@710726a3]" started-at="2023-02-12T13:42:17Z" name="setUp" finished-at="2023-02-12T13:42:29Z" duration-ms="12765" status="PASS">
          <reporter-output>
          </reporter-output>
        </test-method> <!-- setUp -->
        <test-method signature="createNewContactTest(java.lang.String, java.lang.String)[pri:3, instance:com.bank.qa.tests.ContactsPageTest@710726a3]" started-at="2023-02-12T13:42:29Z" name="createNewContactTest" data-provider="getCrmTestData" finished-at="2023-02-12T13:42:42Z" duration-ms="12369" status="PASS">
          <params>
            <param index="0">
              <value>
                <![CDATA[Shiva]]>
              </value>
            </param>
            <param index="1">
              <value>
                <![CDATA[Mahadeva]]>
              </value>
            </param>
          </params>
          <reporter-output>
          </reporter-output>
        </test-method> <!-- createNewContactTest -->
        <test-method is-config="true" signature="afterMethod()[pri:0, instance:com.bank.qa.tests.ContactsPageTest@710726a3]" started-at="2023-02-12T13:42:42Z" name="afterMethod" finished-at="2023-02-12T13:42:44Z" duration-ms="2194" status="PASS">
          <reporter-output>
          </reporter-output>
        </test-method> <!-- afterMethod -->
      </class> <!-- com.bank.qa.tests.ContactsPageTest -->
      <class name="com.bank.qa.tests.LoginPageTest">
        <test-method is-config="true" signature="setUp()[pri:0, instance:com.bank.qa.tests.LoginPageTest@481a15ff]" started-at="2023-02-12T13:41:00Z" name="setUp" finished-at="2023-02-12T13:41:13Z" duration-ms="12104" status="PASS">
          <reporter-output>
          </reporter-output>
        </test-method> <!-- setUp -->
        <test-method signature="LoginPageTitleTest()[pri:1, instance:com.bank.qa.tests.LoginPageTest@481a15ff]" started-at="2023-02-12T13:41:13Z" name="LoginPageTitleTest" finished-at="2023-02-12T13:41:13Z" duration-ms="5" status="PASS">
          <reporter-output>
          </reporter-output>
        </test-method> <!-- LoginPageTitleTest -->
        <test-method is-config="true" signature="teardown()[pri:0, instance:com.bank.qa.tests.LoginPageTest@481a15ff]" started-at="2023-02-12T13:41:13Z" name="teardown" finished-at="2023-02-12T13:41:14Z" duration-ms="1869" status="PASS">
          <reporter-output>
          </reporter-output>
        </test-method> <!-- teardown -->
        <test-method is-config="true" signature="setUp()[pri:0, instance:com.bank.qa.tests.LoginPageTest@481a15ff]" started-at="2023-02-12T13:41:14Z" name="setUp" finished-at="2023-02-12T13:41:24Z" duration-ms="9942" status="PASS">
          <reporter-output>
          </reporter-output>
        </test-method> <!-- setUp -->
        <test-method signature="LoginTest()[pri:2, instance:com.bank.qa.tests.LoginPageTest@481a15ff]" started-at="2023-02-12T13:41:24Z" name="LoginTest" finished-at="2023-02-12T13:41:25Z" duration-ms="693" status="PASS">
          <reporter-output>
          </reporter-output>
        </test-method> <!-- LoginTest -->
        <test-method is-config="true" signature="teardown()[pri:0, instance:com.bank.qa.tests.LoginPageTest@481a15ff]" started-at="2023-02-12T13:41:25Z" name="teardown" finished-at="2023-02-12T13:41:27Z" duration-ms="1756" status="PASS">
          <reporter-output>
          </reporter-output>
        </test-method> <!-- teardown -->
      </class> <!-- com.bank.qa.tests.LoginPageTest -->
    </test> <!-- Surefire test -->
  </suite> <!-- Surefire suite -->
</testng-results>
