<?xml version="1.0" encoding="UTF-8"?>
<testng-results ignored="0" total="11" passed="10" failed="1" skipped="0">
  <reporter-output>
  </reporter-output>
  <suite started-at="2023-02-14T04:32:30Z" name="Surefire suite" finished-at="2023-02-14T04:34:50Z" duration-ms="140345">
    <groups>
    </groups>
    <test started-at="2023-02-14T04:32:30Z" name="Surefire test" finished-at="2023-02-14T04:34:50Z" duration-ms="140345">
      <class name="com.bank.qa.tests.HomePageTest">
        <test-method is-config="true" signature="setUp()[pri:0, instance:com.bank.qa.tests.HomePageTest@fcd6521]" started-at="2023-02-13T23:32:41Z" name="setUp" finished-at="2023-02-13T23:32:49Z" duration-ms="7573" status="PASS">
          <reporter-output>
          </reporter-output>
        </test-method> <!-- setUp -->
        <test-method signature="verifyHomePageTitleTest()[pri:1, instance:com.bank.qa.tests.HomePageTest@fcd6521]" started-at="2023-02-13T23:32:49Z" name="verifyHomePageTitleTest" finished-at="2023-02-13T23:32:49Z" duration-ms="3" status="PASS">
          <reporter-output>
          </reporter-output>
        </test-method> <!-- verifyHomePageTitleTest -->
        <test-method is-config="true" signature="tearDown()[pri:0, instance:com.bank.qa.tests.HomePageTest@fcd6521]" started-at="2023-02-13T23:32:49Z" name="tearDown" finished-at="2023-02-13T23:32:50Z" duration-ms="1236" status="PASS">
          <reporter-output>
          </reporter-output>
        </test-method> <!-- tearDown -->
        <test-method is-config="true" signature="setUp()[pri:0, instance:com.bank.qa.tests.HomePageTest@fcd6521]" started-at="2023-02-13T23:33:08Z" name="setUp" finished-at="2023-02-13T23:33:17Z" duration-ms="8604" status="PASS">
          <reporter-output>
          </reporter-output>
        </test-method> <!-- setUp -->
        <test-method signature="verifyUserNameTest()[pri:2, instance:com.bank.qa.tests.HomePageTest@fcd6521]" started-at="2023-02-13T23:33:17Z" name="verifyUserNameTest" finished-at="2023-02-13T23:33:18Z" duration-ms="570" status="PASS">
          <reporter-output>
          </reporter-output>
        </test-method> <!-- verifyUserNameTest -->
        <test-method is-config="true" signature="tearDown()[pri:0, instance:com.bank.qa.tests.HomePageTest@fcd6521]" started-at="2023-02-13T23:33:18Z" name="tearDown" finished-at="2023-02-13T23:33:19Z" duration-ms="1531" status="PASS">
          <reporter-output>
          </reporter-output>
        </test-method> <!-- tearDown -->
        <test-method is-config="true" signature="setUp()[pri:0, instance:com.bank.qa.tests.HomePageTest@fcd6521]" started-at="2023-02-13T23:34:29Z" name="setUp" finished-at="2023-02-13T23:34:37Z" duration-ms="7672" status="PASS">
          <reporter-output>
          </reporter-output>
        </test-method> <!-- setUp -->
        <test-method signature="verifyContactsLinkTest()[pri:3, instance:com.bank.qa.tests.HomePageTest@fcd6521]" started-at="2023-02-13T23:34:37Z" name="verifyContactsLinkTest" finished-at="2023-02-13T23:34:38Z" duration-ms="848" status="PASS">
          <reporter-output>
          </reporter-output>
        </test-method> <!-- verifyContactsLinkTest -->
        <test-method is-config="true" signature="tearDown()[pri:0, instance:com.bank.qa.tests.HomePageTest@fcd6521]" started-at="2023-02-13T23:34:38Z" name="tearDown" finished-at="2023-02-13T23:34:39Z" duration-ms="1420" status="PASS">
          <reporter-output>
          </reporter-output>
        </test-method> <!-- tearDown -->
        <test-method is-config="true" signature="setUp()[pri:0, instance:com.bank.qa.tests.HomePageTest@fcd6521]" started-at="2023-02-13T23:34:39Z" name="setUp" finished-at="2023-02-13T23:34:47Z" duration-ms="7797" status="PASS">
          <reporter-output>
          </reporter-output>
        </test-method> <!-- setUp -->
        <test-method signature="clickOnNewContactPlusBtnTest()[pri:4, instance:com.bank.qa.tests.HomePageTest@fcd6521]" started-at="2023-02-13T23:34:47Z" name="clickOnNewContactPlusBtnTest" finished-at="2023-02-13T23:34:49Z" duration-ms="1712" status="PASS">
          <reporter-output>
          </reporter-output>
        </test-method> <!-- clickOnNewContactPlusBtnTest -->
        <test-method is-config="true" signature="tearDown()[pri:0, instance:com.bank.qa.tests.HomePageTest@fcd6521]" started-at="2023-02-13T23:34:49Z" name="tearDown" finished-at="2023-02-13T23:34:50Z" duration-ms="1382" status="PASS">
          <reporter-output>
          </reporter-output>
        </test-method> <!-- tearDown -->
      </class> <!-- com.bank.qa.tests.HomePageTest -->
      <class name="com.bank.qa.tests.ContactsPageTest">
        <test-method is-config="true" signature="setUp()[pri:0, instance:com.bank.qa.tests.ContactsPageTest@319b92f3]" started-at="2023-02-13T23:32:30Z" name="setUp" finished-at="2023-02-13T23:32:40Z" duration-ms="9653" status="PASS">
          <reporter-output>
          </reporter-output>
        </test-method> <!-- setUp -->
        <test-method signature="verifyContactPageLabelTest()[pri:1, instance:com.bank.qa.tests.ContactsPageTest@319b92f3]" started-at="2023-02-13T23:32:40Z" name="verifyContactPageLabelTest" finished-at="2023-02-13T23:32:40Z" duration-ms="324" status="PASS">
          <reporter-output>
          </reporter-output>
        </test-method> <!-- verifyContactPageLabelTest -->
        <test-method is-config="true" signature="afterMethod()[pri:0, instance:com.bank.qa.tests.ContactsPageTest@319b92f3]" started-at="2023-02-13T23:32:40Z" name="afterMethod" finished-at="2023-02-13T23:32:41Z" duration-ms="1301" status="PASS">
          <reporter-output>
          </reporter-output>
        </test-method> <!-- afterMethod -->
        <test-method is-config="true" signature="setUp()[pri:0, instance:com.bank.qa.tests.ContactsPageTest@319b92f3]" started-at="2023-02-13T23:32:58Z" name="setUp" finished-at="2023-02-13T23:33:07Z" duration-ms="8601" status="PASS">
          <reporter-output>
          </reporter-output>
        </test-method> <!-- setUp -->
        <test-method signature="verifyCreateNewContactLabelTest()[pri:2, instance:com.bank.qa.tests.ContactsPageTest@319b92f3]" started-at="2023-02-13T23:33:07Z" name="verifyCreateNewContactLabelTest" finished-at="2023-02-13T23:33:07Z" duration-ms="512" status="PASS">
          <reporter-output>
          </reporter-output>
        </test-method> <!-- verifyCreateNewContactLabelTest -->
        <test-method is-config="true" signature="afterMethod()[pri:0, instance:com.bank.qa.tests.ContactsPageTest@319b92f3]" started-at="2023-02-13T23:33:07Z" name="afterMethod" finished-at="2023-02-13T23:33:08Z" duration-ms="1207" status="PASS">
          <reporter-output>
          </reporter-output>
        </test-method> <!-- afterMethod -->
        <test-method is-config="true" signature="setUp()[pri:0, instance:com.bank.qa.tests.ContactsPageTest@319b92f3]" started-at="2023-02-13T23:33:29Z" name="setUp" finished-at="2023-02-13T23:33:37Z" duration-ms="8638" status="PASS">
          <reporter-output>
          </reporter-output>
        </test-method> <!-- setUp -->
        <test-method signature="createNewContactTest(java.lang.String, java.lang.String)[pri:3, instance:com.bank.qa.tests.ContactsPageTest@319b92f3]" started-at="2023-02-13T23:33:37Z" name="createNewContactTest" data-provider="getCrmTestData" finished-at="2023-02-13T23:33:52Z" duration-ms="15014" status="FAIL">
          <params>
            <param index="0">
              <value>
                <![CDATA[Krishna]]>
              </value>
            </param>
            <param index="1">
              <value>
                <![CDATA[Vasudev]]>
              </value>
            </param>
          </params>
          <exception class="org.openqa.selenium.NoSuchElementException">
            <message>
              <![CDATA[Unable to locate element: //input[@name='first_name']
For documentation on this error, please visit: http://seleniumhq.org/exceptions/no_such_element.html
Build info: version: '3.14.0', revision: 'aacccce0', time: '2018-08-02T20:19:58.91Z'
System info: host: 'LAPTOP-OL7R0RQ3', ip: '10.0.0.251', os.name: 'Windows 10', os.arch: 'amd64', os.version: '10.0', java.version: '14.0.2'
Driver info: org.openqa.selenium.firefox.FirefoxDriver
Capabilities {acceptInsecureCerts: true, browserName: firefox, browserVersion: 109.0.1, javascriptEnabled: true, moz:accessibilityChecks: false, moz:buildID: 20230127170202, moz:geckodriverVersion: 0.32.0, moz:headless: false, moz:platformVersion: 10.0, moz:processID: 19992, moz:profile: C:\Users\USER\AppData\Local..., moz:shutdownTimeout: 60000, moz:useNonSpecCompliantPointerOrigin: false, moz:webdriverClick: true, moz:windowless: false, pageLoadStrategy: normal, platform: WINDOWS, platformName: WINDOWS, proxy: Proxy(), setWindowRect: true, strictFileInteractability: false, timeouts: {implicit: 0, pageLoad: 300000, script: 30000}, unhandledPromptBehavior: dismiss and notify}
Session ID: 5a817d0c-9283-4526-a0d7-461b654e9bd6
*** Element info: {Using=xpath, value=//input[@name='first_name']}]]>
            </message>
            <full-stacktrace>
              <![CDATA[org.openqa.selenium.NoSuchElementException: Unable to locate element: //input[@name='first_name']
For documentation on this error, please visit: http://seleniumhq.org/exceptions/no_such_element.html
Build info: version: '3.14.0', revision: 'aacccce0', time: '2018-08-02T20:19:58.91Z'
System info: host: 'LAPTOP-OL7R0RQ3', ip: '10.0.0.251', os.name: 'Windows 10', os.arch: 'amd64', os.version: '10.0', java.version: '14.0.2'
Driver info: org.openqa.selenium.firefox.FirefoxDriver
Capabilities {acceptInsecureCerts: true, browserName: firefox, browserVersion: 109.0.1, javascriptEnabled: true, moz:accessibilityChecks: false, moz:buildID: 20230127170202, moz:geckodriverVersion: 0.32.0, moz:headless: false, moz:platformVersion: 10.0, moz:processID: 19992, moz:profile: C:\Users\USER\AppData\Local..., moz:shutdownTimeout: 60000, moz:useNonSpecCompliantPointerOrigin: false, moz:webdriverClick: true, moz:windowless: false, pageLoadStrategy: normal, platform: WINDOWS, platformName: WINDOWS, proxy: Proxy(), setWindowRect: true, strictFileInteractability: false, timeouts: {implicit: 0, pageLoad: 300000, script: 30000}, unhandledPromptBehavior: dismiss and notify}
Session ID: 5a817d0c-9283-4526-a0d7-461b654e9bd6
*** Element info: {Using=xpath, value=//input[@name='first_name']}
	at java.base/jdk.internal.reflect.NativeConstructorAccessorImpl.newInstance0(Native Method)
	at java.base/jdk.internal.reflect.NativeConstructorAccessorImpl.newInstance(NativeConstructorAccessorImpl.java:62)
	at java.base/jdk.internal.reflect.DelegatingConstructorAccessorImpl.newInstance(DelegatingConstructorAccessorImpl.java:45)
	at java.base/java.lang.reflect.Constructor.newInstanceWithCaller(Constructor.java:500)
	at java.base/java.lang.reflect.Constructor.newInstance(Constructor.java:481)
	at org.openqa.selenium.remote.http.W3CHttpResponseCodec.createException(W3CHttpResponseCodec.java:187)
	at org.openqa.selenium.remote.http.W3CHttpResponseCodec.decode(W3CHttpResponseCodec.java:122)
	at org.openqa.selenium.remote.http.W3CHttpResponseCodec.decode(W3CHttpResponseCodec.java:49)
	at org.openqa.selenium.remote.HttpCommandExecutor.execute(HttpCommandExecutor.java:158)
	at org.openqa.selenium.remote.service.DriverCommandExecutor.execute(DriverCommandExecutor.java:83)
	at org.openqa.selenium.remote.RemoteWebDriver.execute(RemoteWebDriver.java:548)
	at org.openqa.selenium.remote.RemoteWebDriver.findElement(RemoteWebDriver.java:322)
	at org.openqa.selenium.remote.RemoteWebDriver.findElementByXPath(RemoteWebDriver.java:424)
	at org.openqa.selenium.By$ByXPath.findElement(By.java:353)
	at org.openqa.selenium.remote.RemoteWebDriver.findElement(RemoteWebDriver.java:314)
	at jdk.internal.reflect.GeneratedMethodAccessor3.invoke(Unknown Source)
	at java.base/jdk.internal.reflect.DelegatingMethodAccessorImpl.invoke(DelegatingMethodAccessorImpl.java:43)
	at java.base/java.lang.reflect.Method.invoke(Method.java:564)
	at org.openqa.selenium.support.events.EventFiringWebDriver.lambda$new$1(EventFiringWebDriver.java:105)
	at com.sun.proxy.$Proxy8.findElement(Unknown Source)
	at org.openqa.selenium.support.events.EventFiringWebDriver.findElement(EventFiringWebDriver.java:194)
	at org.openqa.selenium.support.pagefactory.DefaultElementLocator.findElement(DefaultElementLocator.java:69)
	at org.openqa.selenium.support.pagefactory.internal.LocatingElementHandler.invoke(LocatingElementHandler.java:38)
	at com.sun.proxy.$Proxy12.sendKeys(Unknown Source)
	at com.bank.qa.pages.ContactsPage.createNewContact(ContactsPage.java:53)
	at com.bank.qa.tests.ContactsPageTest.createNewContactTest(ContactsPageTest.java:56)
	at java.base/jdk.internal.reflect.NativeMethodAccessorImpl.invoke0(Native Method)
	at java.base/jdk.internal.reflect.NativeMethodAccessorImpl.invoke(NativeMethodAccessorImpl.java:62)
	at java.base/jdk.internal.reflect.DelegatingMethodAccessorImpl.invoke(DelegatingMethodAccessorImpl.java:43)
	at java.base/java.lang.reflect.Method.invoke(Method.java:564)
	at org.testng.internal.MethodInvocationHelper.invokeMethod(MethodInvocationHelper.java:108)
	at org.testng.internal.Invoker.invokeMethod(Invoker.java:661)
	at org.testng.internal.Invoker.invokeTestMethod(Invoker.java:869)
	at org.testng.internal.Invoker.invokeTestMethods(Invoker.java:1193)
	at org.testng.internal.TestMethodWorker.invokeTestMethods(TestMethodWorker.java:126)
	at org.testng.internal.TestMethodWorker.run(TestMethodWorker.java:109)
	at org.testng.TestRunner.privateRun(TestRunner.java:744)
	at org.testng.TestRunner.run(TestRunner.java:602)
	at org.testng.SuiteRunner.runTest(SuiteRunner.java:380)
	at org.testng.SuiteRunner.runSequentially(SuiteRunner.java:375)
	at org.testng.SuiteRunner.privateRun(SuiteRunner.java:340)
	at org.testng.SuiteRunner.run(SuiteRunner.java:289)
	at org.testng.SuiteRunnerWorker.runSuite(SuiteRunnerWorker.java:52)
	at org.testng.SuiteRunnerWorker.run(SuiteRunnerWorker.java:86)
	at org.testng.TestNG.runSuitesSequentially(TestNG.java:1301)
	at org.testng.TestNG.runSuitesLocally(TestNG.java:1226)
	at org.testng.TestNG.runSuites(TestNG.java:1144)
	at org.testng.TestNG.run(TestNG.java:1115)
	at org.apache.maven.surefire.testng.TestNGExecutor.run(TestNGExecutor.java:135)
	at org.apache.maven.surefire.testng.TestNGDirectoryTestSuite.executeMulti(TestNGDirectoryTestSuite.java:193)
	at org.apache.maven.surefire.testng.TestNGDirectoryTestSuite.execute(TestNGDirectoryTestSuite.java:94)
	at org.apache.maven.surefire.testng.TestNGProvider.invoke(TestNGProvider.java:146)
	at org.apache.maven.surefire.booter.ForkedBooter.invokeProviderInSameClassLoader(ForkedBooter.java:384)
	at org.apache.maven.surefire.booter.ForkedBooter.runSuitesInProcess(ForkedBooter.java:345)
	at org.apache.maven.surefire.booter.ForkedBooter.execute(ForkedBooter.java:126)
	at org.apache.maven.surefire.booter.ForkedBooter.main(ForkedBooter.java:418)
]]>
            </full-stacktrace>
          </exception> <!-- org.openqa.selenium.NoSuchElementException -->
          <reporter-output>
          </reporter-output>
        </test-method> <!-- createNewContactTest -->
        <test-method is-config="true" signature="afterMethod()[pri:0, instance:com.bank.qa.tests.ContactsPageTest@319b92f3]" started-at="2023-02-13T23:33:52Z" name="afterMethod" finished-at="2023-02-13T23:33:54Z" duration-ms="1195" status="PASS">
          <reporter-output>
          </reporter-output>
        </test-method> <!-- afterMethod -->
        <test-method is-config="true" signature="setUp()[pri:0, instance:com.bank.qa.tests.ContactsPageTest@319b92f3]" started-at="2023-02-13T23:33:54Z" name="setUp" finished-at="2023-02-13T23:34:03Z" duration-ms="8830" status="PASS">
          <reporter-output>
          </reporter-output>
        </test-method> <!-- setUp -->
        <test-method signature="createNewContactTest(java.lang.String, java.lang.String)[pri:3, instance:com.bank.qa.tests.ContactsPageTest@319b92f3]" started-at="2023-02-13T23:34:03Z" name="createNewContactTest" data-provider="getCrmTestData" finished-at="2023-02-13T23:34:10Z" duration-ms="7403" status="PASS">
          <params>
            <param index="0">
              <value>
                <![CDATA[RamChandra]]>
              </value>
            </param>
            <param index="1">
              <value>
                <![CDATA[Raghuvanshi]]>
              </value>
            </param>
          </params>
          <reporter-output>
          </reporter-output>
        </test-method> <!-- createNewContactTest -->
        <test-method is-config="true" signature="afterMethod()[pri:0, instance:com.bank.qa.tests.ContactsPageTest@319b92f3]" started-at="2023-02-13T23:34:10Z" name="afterMethod" finished-at="2023-02-13T23:34:12Z" duration-ms="1630" status="PASS">
          <reporter-output>
          </reporter-output>
        </test-method> <!-- afterMethod -->
        <test-method is-config="true" signature="setUp()[pri:0, instance:com.bank.qa.tests.ContactsPageTest@319b92f3]" started-at="2023-02-13T23:34:12Z" name="setUp" finished-at="2023-02-13T23:34:21Z" duration-ms="9437" status="PASS">
          <reporter-output>
          </reporter-output>
        </test-method> <!-- setUp -->
        <test-method signature="createNewContactTest(java.lang.String, java.lang.String)[pri:3, instance:com.bank.qa.tests.ContactsPageTest@319b92f3]" started-at="2023-02-13T23:34:21Z" name="createNewContactTest" data-provider="getCrmTestData" finished-at="2023-02-13T23:34:28Z" duration-ms="7118" status="PASS">
          <params>
            <param index="0">
              <value>
                <![CDATA[Shiva]]>
              </value>
            </param>
            <param index="1">
              <value>
                <![CDATA[Mahadeva]]>
              </value>
            </param>
          </params>
          <reporter-output>
          </reporter-output>
        </test-method> <!-- createNewContactTest -->
        <test-method is-config="true" signature="afterMethod()[pri:0, instance:com.bank.qa.tests.ContactsPageTest@319b92f3]" started-at="2023-02-13T23:34:28Z" name="afterMethod" finished-at="2023-02-13T23:34:29Z" duration-ms="1240" status="PASS">
          <reporter-output>
          </reporter-output>
        </test-method> <!-- afterMethod -->
      </class> <!-- com.bank.qa.tests.ContactsPageTest -->
      <class name="com.bank.qa.tests.LoginPageTest">
        <test-method is-config="true" signature="setUp()[pri:0, instance:com.bank.qa.tests.LoginPageTest@27d415d9]" started-at="2023-02-13T23:32:50Z" name="setUp" finished-at="2023-02-13T23:32:57Z" duration-ms="7084" status="PASS">
          <reporter-output>
          </reporter-output>
        </test-method> <!-- setUp -->
        <test-method signature="LoginPageTitleTest()[pri:1, instance:com.bank.qa.tests.LoginPageTest@27d415d9]" started-at="2023-02-13T23:32:57Z" name="LoginPageTitleTest" finished-at="2023-02-13T23:32:57Z" duration-ms="5" status="PASS">
          <reporter-output>
          </reporter-output>
        </test-method> <!-- LoginPageTitleTest -->
        <test-method is-config="true" signature="teardown()[pri:0, instance:com.bank.qa.tests.LoginPageTest@27d415d9]" started-at="2023-02-13T23:32:57Z" name="teardown" finished-at="2023-02-13T23:32:58Z" duration-ms="1047" status="PASS">
          <reporter-output>
          </reporter-output>
        </test-method> <!-- teardown -->
        <test-method is-config="true" signature="setUp()[pri:0, instance:com.bank.qa.tests.LoginPageTest@27d415d9]" started-at="2023-02-13T23:33:19Z" name="setUp" finished-at="2023-02-13T23:33:26Z" duration-ms="7188" status="PASS">
          <reporter-output>
          </reporter-output>
        </test-method> <!-- setUp -->
        <test-method signature="LoginTest()[pri:2, instance:com.bank.qa.tests.LoginPageTest@27d415d9]" started-at="2023-02-13T23:33:26Z" name="LoginTest" finished-at="2023-02-13T23:33:27Z" duration-ms="510" status="PASS">
          <reporter-output>
          </reporter-output>
        </test-method> <!-- LoginTest -->
        <test-method is-config="true" signature="teardown()[pri:0, instance:com.bank.qa.tests.LoginPageTest@27d415d9]" started-at="2023-02-13T23:33:27Z" name="teardown" finished-at="2023-02-13T23:33:28Z" duration-ms="1128" status="PASS">
          <reporter-output>
          </reporter-output>
        </test-method> <!-- teardown -->
      </class> <!-- com.bank.qa.tests.LoginPageTest -->
    </test> <!-- Surefire test -->
  </suite> <!-- Surefire suite -->
</testng-results>
